<?xml version="1.0" encoding="UTF-8"?>
<!-- Generated by org.testng.reporters.JUnitReportReporter -->
<testsuite hostname="Prakash-PC" name="example.NewTest" tests="1" failures="0" timestamp="5 Aug 2016 22:07:24 GMT" time="0.013" errors="0">
  <testcase name="f" time="0.013" classname="example.NewTest"/>
</testsuite> <!-- example.NewTest -->
